business/detection/impl/build/intermediates/manifest_merge_blame_file/debug/manifest-merger-blame-debug-report.txt
1<?xml version="1.0" encoding="utf-8"?>
2<manifest xmlns:android="http://schemas.android.com/apk/res/android"
3    package="com.detection" >
4
5    <uses-sdk android:minSdkVersion="24" />
5-->src/main/AndroidManifest.xml
6
7    <uses-permission android:name="android.permission.CAMERA" />
7-->src/main/AndroidManifest.xml:3:5-65
7-->src/main/AndroidManifest.xml:3:22-62
8
9    <application>
9-->src/main/AndroidManifest.xml:4:5-6:19
10        <activity
10-->src/main/AndroidManifest.xml:5:9-79
11            android:name="com.detection.DetectionActivity"
11-->src/main/AndroidManifest.xml:5:19-52
12            android:exported="false" />
12-->src/main/AndroidManifest.xml:5:53-77
13    </application>
14
15</manifest>